<?xml version="1.0" encoding="UTF-8"?>
<testng-results ignored="0" total="2" passed="2" failed="0" skipped="0">
  <reporter-output>
  </reporter-output>
  <suite started-at="2024-12-16T12:23:41 IST" name="Default suite" finished-at="2024-12-16T12:23:48 IST" duration-ms="7559">
    <groups>
    </groups>
    <test started-at="2024-12-16T12:23:41 IST" name="Default test" finished-at="2024-12-16T12:23:48 IST" duration-ms="7559">
      <class name="TBtest.Login_test">
        <test-method is-config="true" signature="setUp()[pri:0, instance:TBtest.Login_test@6adbc9d]" started-at="2024-12-16T12:23:41 IST" name="setUp" finished-at="2024-12-16T12:23:47 IST" duration-ms="6447" status="PASS">
          <reporter-output>
          </reporter-output>
        </test-method> <!-- setUp -->
        <test-method signature="googleTitletest()[pri:0, instance:TBtest.Login_test@6adbc9d]" started-at="2024-12-16T12:23:47 IST" name="googleTitletest" finished-at="2024-12-16T12:23:47 IST" duration-ms="221" status="PASS">
          <reporter-output>
          </reporter-output>
        </test-method> <!-- googleTitletest -->
        <test-method signature="googlelogotest()[pri:0, instance:TBtest.Login_test@6adbc9d]" started-at="2024-12-16T12:23:47 IST" name="googlelogotest" finished-at="2024-12-16T12:23:48 IST" duration-ms="295" status="PASS">
          <reporter-output>
          </reporter-output>
        </test-method> <!-- googlelogotest -->
        <test-method is-config="true" signature="tearDown()[pri:0, instance:TBtest.Login_test@6adbc9d]" started-at="2024-12-16T12:23:48 IST" name="tearDown" finished-at="2024-12-16T12:23:48 IST" duration-ms="537" status="PASS">
          <reporter-output>
          </reporter-output>
        </test-method> <!-- tearDown -->
      </class> <!-- TBtest.Login_test -->
    </test> <!-- Default test -->
  </suite> <!-- Default suite -->
</testng-results>
